Arguments: 
  /usr/local/Cellar/node/13.8.0/bin/node /usr/local/Cellar/yarn/1.22.0/libexec/bin/yarn.js add --dev webpack-dev-server

PATH: 
  /Users/cdasia/.rvm/gems/ruby-2.6.3/bin:/Users/cdasia/.rvm/gems/ruby-2.6.3@global/bin:/Users/cdasia/.rvm/rubies/ruby-2.6.3/bin:/usr/local/opt/openjdk/bin:/usr/local/bin:/usr/bin:/bin:/usr/sbin:/sbin:/Users/cdasia/.rvm/bin

Yarn version: 
  1.22.0

Node version: 
  13.8.0

Platform: 
  darwin x64

Trace: 
  Error: getaddrinfo ENOTFOUND registry.yarnpkg.com
      at GetAddrInfoReqWrap.onlookup [as oncomplete] (dns.js:64:26)

npm manifest: 
  {
    "name": "cdApp",
    "private": true,
    "dependencies": {
      "@rails/ujs": "^6.0.0",
      "turbolinks": "^5.2.0",
      "@rails/activestorage": "^6.0.0",
      "@rails/actioncable": "^6.0.0"
    },
    "version": "0.1.0"
  }

yarn manifest: 
  No manifest

Lockfile: 
  No lockfile
